[0715/111419.134:ERROR:process_info.cc(329)] VirtualQueryEx: Access is denied. (0x5)
[0715/111419.136:ERROR:process_info.cc(556)] ReadMemoryInfo failed
[0715/111419.136:ERROR:scoped_process_suspend.cc(40)] NtResumeProcess: An attempt was made to access an exiting process. (0xc000010a)
[0831/144008.760:ERROR:process_reader_win.cc(151)] SuspendThread: Access is denied. (0x5)
[0831/144008.763:ERROR:process_reader_win.cc(151)] SuspendThread: Access is denied. (0x5)
[0831/144008.763:ERROR:process_reader_win.cc(123)] NtOpenThread: {Access Denied} A process has requested access to an object, but has not been granted those access rights. (0xc0000022)
[0831/144008.764:ERROR:exception_snapshot_win.cc(98)] thread ID 9620 not found in process
[0831/144008.772:ERROR:process_reader_win.cc(151)] SuspendThread: Access is denied. (0x5)
[0831/144008.772:ERROR:process_reader_win.cc(151)] SuspendThread: Access is denied. (0x5)
[0831/144008.772:ERROR:process_reader_win.cc(123)] NtOpenThread: {Access Denied} A process has requested access to an object, but has not been granted those access rights. (0xc0000022)
[0831/144008.772:ERROR:exception_snapshot_win.cc(98)] thread ID 18096 not found in process
[0831/144008.792:ERROR:process_reader_win.cc(151)] SuspendThread: Access is denied. (0x5)
[0831/144008.792:ERROR:process_reader_win.cc(151)] SuspendThread: Access is denied. (0x5)
[0831/144008.792:ERROR:process_reader_win.cc(123)] NtOpenThread: {Access Denied} A process has requested access to an object, but has not been granted those access rights. (0xc0000022)
[0831/144008.792:ERROR:exception_snapshot_win.cc(98)] thread ID 19432 not found in process
[0831/144008.817:ERROR:process_reader_win.cc(151)] SuspendThread: Access is denied. (0x5)
[0831/144008.817:ERROR:process_reader_win.cc(151)] SuspendThread: Access is denied. (0x5)
[0831/144008.817:ERROR:process_reader_win.cc(151)] SuspendThread: Access is denied. (0x5)
[0831/144008.817:ERROR:process_reader_win.cc(151)] SuspendThread: Access is denied. (0x5)
[0831/144008.817:ERROR:process_reader_win.cc(151)] SuspendThread: Access is denied. (0x5)
[0831/144008.817:ERROR:process_reader_win.cc(151)] SuspendThread: Access is denied. (0x5)
[0831/144008.817:ERROR:process_reader_win.cc(151)] SuspendThread: Access is denied. (0x5)
[0831/144008.817:ERROR:process_reader_win.cc(151)] SuspendThread: Access is denied. (0x5)
[0831/144008.817:ERROR:process_reader_win.cc(151)] SuspendThread: Access is denied. (0x5)
[0831/144008.817:ERROR:process_reader_win.cc(151)] SuspendThread: Access is denied. (0x5)
[0831/144008.817:ERROR:process_reader_win.cc(123)] NtOpenThread: {Access Denied} A process has requested access to an object, but has not been granted those access rights. (0xc0000022)
[0831/144008.817:ERROR:exception_snapshot_win.cc(98)] thread ID 9812 not found in process
[0831/144008.843:ERROR:process_reader_win.cc(151)] SuspendThread: Access is denied. (0x5)
[0831/144008.843:ERROR:process_reader_win.cc(151)] SuspendThread: Access is denied. (0x5)
[0831/144008.843:ERROR:process_reader_win.cc(151)] SuspendThread: Access is denied. (0x5)
[0831/144008.843:ERROR:process_reader_win.cc(151)] SuspendThread: Access is denied. (0x5)
[0831/144008.843:ERROR:process_reader_win.cc(151)] SuspendThread: Access is denied. (0x5)
[0831/144008.843:ERROR:process_reader_win.cc(151)] SuspendThread: Access is denied. (0x5)
[0831/144008.843:ERROR:process_reader_win.cc(151)] SuspendThread: Access is denied. (0x5)
[0831/144008.844:ERROR:process_reader_win.cc(151)] SuspendThread: Access is denied. (0x5)
[0831/144008.844:ERROR:process_reader_win.cc(151)] SuspendThread: Access is denied. (0x5)
[0831/144008.844:ERROR:process_reader_win.cc(151)] SuspendThread: Access is denied. (0x5)
[0831/144008.844:ERROR:process_reader_win.cc(151)] SuspendThread: Access is denied. (0x5)
[0831/144008.844:ERROR:process_reader_win.cc(123)] NtOpenThread: {Access Denied} A process has requested access to an object, but has not been granted those access rights. (0xc0000022)
[0831/144008.844:ERROR:exception_snapshot_win.cc(98)] thread ID 4656 not found in process
[0831/144008.870:ERROR:process_reader_win.cc(151)] SuspendThread: Access is denied. (0x5)
[0831/144008.870:ERROR:process_reader_win.cc(151)] SuspendThread: Access is denied. (0x5)
[0831/144008.870:ERROR:process_reader_win.cc(151)] SuspendThread: Access is denied. (0x5)
[0831/144008.870:ERROR:process_reader_win.cc(151)] SuspendThread: Access is denied. (0x5)
[0831/144008.870:ERROR:process_reader_win.cc(151)] SuspendThread: Access is denied. (0x5)
[0831/144008.870:ERROR:process_reader_win.cc(151)] SuspendThread: Access is denied. (0x5)
[0831/144008.870:ERROR:process_reader_win.cc(151)] SuspendThread: Access is denied. (0x5)
[0831/144008.870:ERROR:process_reader_win.cc(151)] SuspendThread: Access is denied. (0x5)
[0831/144008.870:ERROR:process_reader_win.cc(151)] SuspendThread: Access is denied. (0x5)
[0831/144008.870:ERROR:process_reader_win.cc(151)] SuspendThread: Access is denied. (0x5)
[0831/144008.870:ERROR:process_reader_win.cc(151)] SuspendThread: Access is denied. (0x5)
[0831/144008.870:ERROR:process_reader_win.cc(151)] SuspendThread: Access is denied. (0x5)
[0831/144008.871:ERROR:process_reader_win.cc(123)] NtOpenThread: {Access Denied} A process has requested access to an object, but has not been granted those access rights. (0xc0000022)
[0831/144008.871:ERROR:exception_snapshot_win.cc(98)] thread ID 14956 not found in process
[0831/144008.895:ERROR:process_reader_win.cc(151)] SuspendThread: Access is denied. (0x5)
[0831/144008.895:ERROR:process_reader_win.cc(151)] SuspendThread: Access is denied. (0x5)
[0831/144008.895:ERROR:process_reader_win.cc(151)] SuspendThread: Access is denied. (0x5)
[0831/144008.895:ERROR:process_reader_win.cc(151)] SuspendThread: Access is denied. (0x5)
[0831/144008.895:ERROR:process_reader_win.cc(151)] SuspendThread: Access is denied. (0x5)
[0831/144008.895:ERROR:process_reader_win.cc(151)] SuspendThread: Access is denied. (0x5)
[0831/144008.895:ERROR:process_reader_win.cc(151)] SuspendThread: Access is denied. (0x5)
[0831/144008.895:ERROR:process_reader_win.cc(151)] SuspendThread: Access is denied. (0x5)
[0831/144008.895:ERROR:process_reader_win.cc(151)] SuspendThread: Access is denied. (0x5)
[0831/144008.895:ERROR:process_reader_win.cc(151)] SuspendThread: Access is denied. (0x5)
[0831/144008.895:ERROR:process_reader_win.cc(151)] SuspendThread: Access is denied. (0x5)
[0831/144008.895:ERROR:process_reader_win.cc(151)] SuspendThread: Access is denied. (0x5)
[0831/144008.895:ERROR:process_reader_win.cc(123)] NtOpenThread: {Access Denied} A process has requested access to an object, but has not been granted those access rights. (0xc0000022)
[0831/144008.895:ERROR:exception_snapshot_win.cc(98)] thread ID 7088 not found in process
[0831/144008.923:ERROR:process_reader_win.cc(151)] SuspendThread: Access is denied. (0x5)
[0831/144008.923:ERROR:process_reader_win.cc(151)] SuspendThread: Access is denied. (0x5)
[0831/144008.923:ERROR:process_reader_win.cc(151)] SuspendThread: Access is denied. (0x5)
[0831/144008.923:ERROR:process_reader_win.cc(151)] SuspendThread: Access is denied. (0x5)
[0831/144008.923:ERROR:process_reader_win.cc(151)] SuspendThread: Access is denied. (0x5)
[0831/144008.923:ERROR:process_reader_win.cc(151)] SuspendThread: Access is denied. (0x5)
[0831/144008.923:ERROR:process_reader_win.cc(151)] SuspendThread: Access is denied. (0x5)
[0831/144008.923:ERROR:process_reader_win.cc(151)] SuspendThread: Access is denied. (0x5)
[0831/144008.923:ERROR:process_reader_win.cc(151)] SuspendThread: Access is denied. (0x5)
[0831/144008.923:ERROR:process_reader_win.cc(151)] SuspendThread: Access is denied. (0x5)
[0831/144008.923:ERROR:process_reader_win.cc(151)] SuspendThread: Access is denied. (0x5)
[0831/144008.923:ERROR:process_reader_win.cc(151)] SuspendThread: Access is denied. (0x5)
[0831/144008.923:ERROR:process_reader_win.cc(151)] SuspendThread: Access is denied. (0x5)
[0831/144008.923:ERROR:process_reader_win.cc(151)] SuspendThread: Access is denied. (0x5)
[0831/144008.923:ERROR:process_reader_win.cc(151)] SuspendThread: Access is denied. (0x5)
[0831/144008.923:ERROR:process_reader_win.cc(151)] SuspendThread: Access is denied. (0x5)
[0831/144008.923:ERROR:process_reader_win.cc(151)] SuspendThread: Access is denied. (0x5)
[0831/144008.923:ERROR:process_reader_win.cc(151)] SuspendThread: Access is denied. (0x5)
[0831/144008.923:ERROR:process_reader_win.cc(151)] SuspendThread: Access is denied. (0x5)
[0831/144008.923:ERROR:process_reader_win.cc(151)] SuspendThread: Access is denied. (0x5)
[0831/144008.923:ERROR:process_reader_win.cc(151)] SuspendThread: Access is denied. (0x5)
[0831/144008.923:ERROR:process_reader_win.cc(151)] SuspendThread: Access is denied. (0x5)
[0831/144008.923:ERROR:process_reader_win.cc(151)] SuspendThread: Access is denied. (0x5)
[0831/144008.923:ERROR:process_reader_win.cc(151)] SuspendThread: Access is denied. (0x5)
[0831/144008.923:ERROR:process_reader_win.cc(151)] SuspendThread: Access is denied. (0x5)
[0831/144008.923:ERROR:process_reader_win.cc(123)] NtOpenThread: {Access Denied} A process has requested access to an object, but has not been granted those access rights. (0xc0000022)
[0831/144008.924:ERROR:exception_snapshot_win.cc(98)] thread ID 14648 not found in process
[0831/144008.923:ERROR:process_reader_win.cc(123)] NtOpenThread: {Access Denied} A process has requested access to an object, but has not been granted those access rights. (0xc0000022)
[0831/144008.924:ERROR:exception_snapshot_win.cc(98)] thread ID 9488 not found in process
[0831/144008.965:ERROR:process_reader_win.cc(151)] SuspendThread: Access is denied. (0x5)
[0831/144008.965:ERROR:process_reader_win.cc(151)] SuspendThread: Access is denied. (0x5)
[0831/144008.965:ERROR:process_reader_win.cc(151)] SuspendThread: Access is denied. (0x5)
[0831/144008.965:ERROR:process_reader_win.cc(151)] SuspendThread: Access is denied. (0x5)
[0831/144008.965:ERROR:process_reader_win.cc(151)] SuspendThread: Access is denied. (0x5)
[0831/144008.965:ERROR:process_reader_win.cc(151)] SuspendThread: Access is denied. (0x5)
[0831/144008.965:ERROR:process_reader_win.cc(151)] SuspendThread: Access is denied. (0x5)
[0831/144008.965:ERROR:process_reader_win.cc(151)] SuspendThread: Access is denied. (0x5)
[0831/144008.966:ERROR:process_reader_win.cc(151)] SuspendThread: Access is denied. (0x5)
[0831/144008.966:ERROR:process_reader_win.cc(151)] SuspendThread: Access is denied. (0x5)
[0831/144008.966:ERROR:process_reader_win.cc(151)] SuspendThread: Access is denied. (0x5)
[0831/144008.966:ERROR:process_reader_win.cc(151)] SuspendThread: Access is denied. (0x5)
[0831/144008.966:ERROR:process_reader_win.cc(151)] SuspendThread: Access is denied. (0x5)
[0831/144008.966:ERROR:process_reader_win.cc(123)] NtOpenThread: {Access Denied} A process has requested access to an object, but has not been granted those access rights. (0xc0000022)
[0831/144008.966:ERROR:exception_snapshot_win.cc(98)] thread ID 19084 not found in process
[0831/144008.979:ERROR:process_reader_win.cc(151)] SuspendThread: Access is denied. (0x5)
[0831/144008.980:ERROR:process_reader_win.cc(151)] SuspendThread: Access is denied. (0x5)
[0831/144008.980:ERROR:process_reader_win.cc(151)] SuspendThread: Access is denied. (0x5)
[0831/144008.980:ERROR:process_reader_win.cc(151)] SuspendThread: Access is denied. (0x5)
[0831/144008.980:ERROR:process_reader_win.cc(151)] SuspendThread: Access is denied. (0x5)
[0831/144008.980:ERROR:process_reader_win.cc(151)] SuspendThread: Access is denied. (0x5)
[0831/144008.980:ERROR:process_reader_win.cc(151)] SuspendThread: Access is denied. (0x5)
[0831/144008.980:ERROR:process_reader_win.cc(151)] SuspendThread: Access is denied. (0x5)
[0831/144008.980:ERROR:process_reader_win.cc(151)] SuspendThread: Access is denied. (0x5)
[0831/144008.980:ERROR:process_reader_win.cc(151)] SuspendThread: Access is denied. (0x5)
[0831/144008.980:ERROR:process_reader_win.cc(151)] SuspendThread: Access is denied. (0x5)
[0831/144008.980:ERROR:process_reader_win.cc(151)] SuspendThread: Access is denied. (0x5)
[0831/144008.980:ERROR:process_reader_win.cc(151)] SuspendThread: Access is denied. (0x5)
[0831/144008.980:ERROR:process_reader_win.cc(151)] SuspendThread: Access is denied. (0x5)
[0831/144008.980:ERROR:process_reader_win.cc(151)] SuspendThread: Access is denied. (0x5)
[0831/144008.980:ERROR:process_reader_win.cc(151)] SuspendThread: Access is denied. (0x5)
[0831/144008.980:ERROR:process_reader_win.cc(151)] SuspendThread: Access is denied. (0x5)
[0831/144008.981:ERROR:process_reader_win.cc(123)] NtOpenThread: {Access Denied} A process has requested access to an object, but has not been granted those access rights. (0xc0000022)
[0831/144008.981:ERROR:exception_snapshot_win.cc(98)] thread ID 14028 not found in process
[0831/144009.010:ERROR:process_reader_win.cc(151)] SuspendThread: Access is denied. (0x5)
[0831/144009.010:ERROR:process_reader_win.cc(151)] SuspendThread: Access is denied. (0x5)
[0831/144009.010:ERROR:process_reader_win.cc(151)] SuspendThread: Access is denied. (0x5)
[0831/144009.010:ERROR:process_reader_win.cc(151)] SuspendThread: Access is denied. (0x5)
[0831/144009.010:ERROR:process_reader_win.cc(151)] SuspendThread: Access is denied. (0x5)
[0831/144009.010:ERROR:process_reader_win.cc(151)] SuspendThread: Access is denied. (0x5)
[0831/144009.010:ERROR:process_reader_win.cc(151)] SuspendThread: Access is denied. (0x5)
[0831/144009.010:ERROR:process_reader_win.cc(151)] SuspendThread: Access is denied. (0x5)
[0831/144009.010:ERROR:process_reader_win.cc(151)] SuspendThread: Access is denied. (0x5)
[0831/144009.010:ERROR:process_reader_win.cc(151)] SuspendThread: Access is denied. (0x5)
[0831/144009.010:ERROR:process_reader_win.cc(151)] SuspendThread: Access is denied. (0x5)
[0831/144009.010:ERROR:process_reader_win.cc(123)] NtOpenThread: {Access Denied} A process has requested access to an object, but has not been granted those access rights. (0xc0000022)
[0831/144009.010:ERROR:exception_snapshot_win.cc(98)] thread ID 15392 not found in process
